# JRE version: Java(TM) SE Runtime Environment 18.9 (11.0.16+11) (build 11.0.16+11-LTS-199)
# Java VM: Java HotSpot(TM) 64-Bit Server VM 18.9 (11.0.16+11-LTS-199, mixed mode, tiered, compressed oops, g1 gc, windows-amd64)
Heap:
 garbage-first heap   total 1048576K, used 652739K [0x0000000403800000, 0x0000000800000000)
  region size 4096K, 153 young (626688K), 1 survivors (4096K)
 Metaspace       used 9031K, capacity 9127K, committed 9344K, reserved 1058816K
  class space    used 790K, capacity 805K, committed 896K, reserved 1048576K
GC Heap History (10 events):
Event: 1027.187 GC heap after
{Heap after GC invocations=26 (full 0):
 garbage-first heap   total 1048576K, used 30143K [0x0000000403800000, 0x0000000800000000)
  region size 4096K, 1 young (4096K), 1 survivors (4096K)
 Metaspace       used 9019K, capacity 9127K, committed 9344K, reserved 1058816K
  class space    used 789K, capacity 805K, committed 896K, reserved 1048576K
}
Event: 1061.248 GC heap before
{Heap before GC invocations=26 (full 0):
 garbage-first heap   total 1048576K, used 652735K [0x0000000403800000, 0x0000000800000000)
  region size 4096K, 153 young (626688K), 1 survivors (4096K)
 Metaspace       used 9019K, capacity 9127K, committed 9344K, reserved 1058816K
  class space    used 789K, capacity 805K, committed 896K, reserved 1048576K
}
Event: 1061.249 GC heap after
{Heap after GC invocations=27 (full 0):
 garbage-first heap   total 1048576K, used 30147K [0x0000000403800000, 0x0000000800000000)
  region size 4096K, 1 young (4096K), 1 survivors (4096K)
 Metaspace       used 9019K, capacity 9127K, committed 9344K, reserved 1058816K
  class space    used 789K, capacity 805K, committed 896K, reserved 1048576K
}
Event: 1095.272 GC heap before
{Heap before GC invocations=27 (full 0):
 garbage-first heap   total 1048576K, used 652739K [0x0000000403800000, 0x0000000800000000)
  region size 4096K, 153 young (626688K), 1 survivors (4096K)
 Metaspace       used 9019K, capacity 9127K, committed 9344K, reserved 1058816K
  class space    used 789K, capacity 805K, committed 896K, reserved 1048576K
}
Event: 1095.272 GC heap after
{Heap after GC invocations=28 (full 0):
 garbage-first heap   total 1048576K, used 30159K [0x0000000403800000, 0x0000000800000000)
  region size 4096K, 1 young (4096K), 1 survivors (4096K)
 Metaspace       used 9019K, capacity 9127K, committed 9344K, reserved 1058816K
  class space    used 789K, capacity 805K, committed 896K, reserved 1048576K
}
Event: 1129.223 GC heap before
{Heap before GC invocations=28 (full 0):
 garbage-first heap   total 1048576K, used 652751K [0x0000000403800000, 0x0000000800000000)
  region size 4096K, 153 young (626688K), 1 survivors (4096K)
 Metaspace       used 9019K, capacity 9127K, committed 9344K, reserved 1058816K
  class space    used 789K, capacity 805K, committed 896K, reserved 1048576K
}
Event: 1129.224 GC heap after
{Heap after GC invocations=29 (full 0):
 garbage-first heap   total 1048576K, used 30157K [0x0000000403800000, 0x0000000800000000)
  region size 4096K, 1 young (4096K), 1 survivors (4096K)
 Metaspace       used 9019K, capacity 9127K, committed 9344K, reserved 1058816K
  class space    used 789K, capacity 805K, committed 896K, reserved 1048576K
}
Event: 1163.086 GC heap before
{Heap before GC invocations=29 (full 0):
 garbage-first heap   total 1048576K, used 652749K [0x0000000403800000, 0x0000000800000000)
  region size 4096K, 153 young (626688K), 1 survivors (4096K)
 Metaspace       used 9019K, capacity 9127K, committed 9344K, reserved 1058816K
  class space    used 789K, capacity 805K, committed 896K, reserved 1048576K
}
Event: 1163.087 GC heap after
{Heap after GC invocations=30 (full 0):
 garbage-first heap   total 1048576K, used 30147K [0x0000000403800000, 0x0000000800000000)
  region size 4096K, 1 young (4096K), 1 survivors (4096K)
 Metaspace       used 9019K, capacity 9127K, committed 9344K, reserved 1058816K
  class space    used 789K, capacity 805K, committed 896K, reserved 1048576K
}
Event: 1197.162 GC heap before
{Heap before GC invocations=30 (full 0):
 garbage-first heap   total 1048576K, used 652739K [0x0000000403800000, 0x0000000800000000)
  region size 4096K, 153 young (626688K), 1 survivors (4096K)
 Metaspace       used 9031K, capacity 9127K, committed 9344K, reserved 1058816K
  class space    used 790K, capacity 805K, committed 896K, reserved 1048576K
}

